2019-03-31 17:41:38.286 - INFO  [           main] bstractTestContextBootstrapper : Neither @ContextConfiguration nor @ContextHierarchy found for test class [com.aaron.servicetest.UserTest], using SpringBootContextLoader
2019-03-31 17:41:38.317 - INFO  [           main] .s.t.c.s.AbstractContextLoader : Could not detect default resource locations for test class [com.aaron.servicetest.UserTest]: no resource found for suffixes {-context.xml, Context.groovy}.
2019-03-31 17:41:38.317 - INFO  [           main] tationConfigContextLoaderUtils : Could not detect default configuration classes for test class [com.aaron.servicetest.UserTest]: UserTest does not declare any static, non-private, non-final, nested classes annotated with @Configuration.
2019-03-31 17:41:38.676 - INFO  [           main] ingBootTestContextBootstrapper : Found @SpringBootConfiguration com.aaron.Application for test class com.aaron.servicetest.UserTest
2019-03-31 17:41:40.598 - INFO  [           main] bstractTestContextBootstrapper : Loaded default TestExecutionListener class names from location [META-INF/spring.factories]: [org.springframework.boot.test.mock.mockito.MockitoTestExecutionListener, org.springframework.boot.test.mock.mockito.ResetMocksTestExecutionListener, org.springframework.boot.test.autoconfigure.restdocs.RestDocsTestExecutionListener, org.springframework.boot.test.autoconfigure.web.client.MockRestServiceServerResetTestExecutionListener, org.springframework.boot.test.autoconfigure.web.servlet.MockMvcPrintOnlyOnFailureTestExecutionListener, org.springframework.boot.test.autoconfigure.web.servlet.WebDriverTestExecutionListener, org.springframework.test.context.web.ServletTestExecutionListener, org.springframework.test.context.support.DirtiesContextBeforeModesTestExecutionListener, org.springframework.test.context.support.DependencyInjectionTestExecutionListener, org.springframework.test.context.support.DirtiesContextTestExecutionListener, org.springframework.test.context.transaction.TransactionalTestExecutionListener, org.springframework.test.context.jdbc.SqlScriptsTestExecutionListener]
2019-03-31 17:41:40.645 - INFO  [           main] bstractTestContextBootstrapper : Using TestExecutionListeners: [org.springframework.test.context.web.ServletTestExecutionListener@1603cd68, org.springframework.test.context.support.DirtiesContextBeforeModesTestExecutionListener@9ebe38b, org.springframework.boot.test.mock.mockito.MockitoTestExecutionListener@4b23c30a, org.springframework.boot.test.autoconfigure.SpringBootDependencyInjectionTestExecutionListener@38089a5a, org.springframework.test.context.support.DirtiesContextTestExecutionListener@30e868be, org.springframework.test.context.transaction.TransactionalTestExecutionListener@66c92293, org.springframework.test.context.jdbc.SqlScriptsTestExecutionListener@332796d3, org.springframework.boot.test.mock.mockito.ResetMocksTestExecutionListener@4f0100a7, org.springframework.boot.test.autoconfigure.restdocs.RestDocsTestExecutionListener@3cdf2c61, org.springframework.boot.test.autoconfigure.web.client.MockRestServiceServerResetTestExecutionListener@13ad5cd3, org.springframework.boot.test.autoconfigure.web.servlet.MockMvcPrintOnlyOnFailureTestExecutionListener@1c33c17b, org.springframework.boot.test.autoconfigure.web.servlet.WebDriverTestExecutionListener@5bf0fe62]
2019-03-31 17:41:42.445 - INFO  [           main] o.s.b.StartupInfoLogger        : Starting UserTest on DESKTOP-S10F09M with PID 2964 (started by Administrator in C:\Program Files\JetBrains_WorkSpace\springbootproject)
2019-03-31 17:41:42.445 - INFO  [           main] o.s.b.SpringApplication        : The following profiles are active: test
2019-03-31 17:41:48.110 - INFO  [           main] epositoryConfigurationDelegate : Multiple Spring Data modules found, entering strict repository configuration mode!
2019-03-31 17:41:48.126 - INFO  [           main] epositoryConfigurationDelegate : Bootstrapping Spring Data repositories in DEFAULT mode.
2019-03-31 17:41:48.513 - INFO  [           main] epositoryConfigurationDelegate : Finished Spring Data repository scanning in 189ms. Found 0 repository interfaces.
2019-03-31 17:41:50.395 - INFO  [           main] egate$BeanPostProcessorChecker : Bean 'org.springframework.transaction.annotation.ProxyTransactionManagementConfiguration' of type [org.springframework.transaction.annotation.ProxyTransactionManagementConfiguration$$EnhancerBySpringCGLIB$$8ef6cb4d] is not eligible for getting processed by all BeanPostProcessors (for example: not eligible for auto-proxying)
2019-03-31 17:41:50.707 - INFO  [           main] a.DruidDataSourceAutoConfigure : Init DruidDataSource
2019-03-31 17:41:51.363 - INFO  [           main] c.a.d.p.DruidDataSource        : {dataSource-1} inited
2019-03-31 17:41:54.507 - INFO  [           main] c.ExecutorConfigurationSupport : Initializing ExecutorService 'applicationTaskExecutor'
2019-03-31 17:41:57.612 - INFO  [           main] o.s.b.StartupInfoLogger        : Started UserTest in 16.827 seconds (JVM running for 25.438)
2019-03-31 17:41:59.791 - INFO  [       Thread-2] c.ExecutorConfigurationSupport : Shutting down ExecutorService 'applicationTaskExecutor'
2019-03-31 17:41:59.807 - INFO  [       Thread-2] c.a.d.p.DruidDataSource        : {dataSource-1} closed
2019-03-31 17:42:18.951 - INFO  [           main] bstractTestContextBootstrapper : Neither @ContextConfiguration nor @ContextHierarchy found for test class [com.aaron.servicetest.UserTest], using SpringBootContextLoader
2019-03-31 17:42:19.014 - INFO  [           main] .s.t.c.s.AbstractContextLoader : Could not detect default resource locations for test class [com.aaron.servicetest.UserTest]: no resource found for suffixes {-context.xml, Context.groovy}.
2019-03-31 17:42:19.014 - INFO  [           main] tationConfigContextLoaderUtils : Could not detect default configuration classes for test class [com.aaron.servicetest.UserTest]: UserTest does not declare any static, non-private, non-final, nested classes annotated with @Configuration.
2019-03-31 17:42:19.326 - INFO  [           main] ingBootTestContextBootstrapper : Found @SpringBootConfiguration com.aaron.Application for test class com.aaron.servicetest.UserTest
2019-03-31 17:42:19.607 - INFO  [           main] bstractTestContextBootstrapper : Loaded default TestExecutionListener class names from location [META-INF/spring.factories]: [org.springframework.boot.test.mock.mockito.MockitoTestExecutionListener, org.springframework.boot.test.mock.mockito.ResetMocksTestExecutionListener, org.springframework.boot.test.autoconfigure.restdocs.RestDocsTestExecutionListener, org.springframework.boot.test.autoconfigure.web.client.MockRestServiceServerResetTestExecutionListener, org.springframework.boot.test.autoconfigure.web.servlet.MockMvcPrintOnlyOnFailureTestExecutionListener, org.springframework.boot.test.autoconfigure.web.servlet.WebDriverTestExecutionListener, org.springframework.test.context.web.ServletTestExecutionListener, org.springframework.test.context.support.DirtiesContextBeforeModesTestExecutionListener, org.springframework.test.context.support.DependencyInjectionTestExecutionListener, org.springframework.test.context.support.DirtiesContextTestExecutionListener, org.springframework.test.context.transaction.TransactionalTestExecutionListener, org.springframework.test.context.jdbc.SqlScriptsTestExecutionListener]
2019-03-31 17:42:19.654 - INFO  [           main] bstractTestContextBootstrapper : Using TestExecutionListeners: [org.springframework.test.context.web.ServletTestExecutionListener@9ebe38b, org.springframework.test.context.support.DirtiesContextBeforeModesTestExecutionListener@4b23c30a, org.springframework.boot.test.mock.mockito.MockitoTestExecutionListener@38089a5a, org.springframework.boot.test.autoconfigure.SpringBootDependencyInjectionTestExecutionListener@30e868be, org.springframework.test.context.support.DirtiesContextTestExecutionListener@66c92293, org.springframework.test.context.transaction.TransactionalTestExecutionListener@332796d3, org.springframework.test.context.jdbc.SqlScriptsTestExecutionListener@4f0100a7, org.springframework.boot.test.mock.mockito.ResetMocksTestExecutionListener@3cdf2c61, org.springframework.boot.test.autoconfigure.restdocs.RestDocsTestExecutionListener@13ad5cd3, org.springframework.boot.test.autoconfigure.web.client.MockRestServiceServerResetTestExecutionListener@1c33c17b, org.springframework.boot.test.autoconfigure.web.servlet.MockMvcPrintOnlyOnFailureTestExecutionListener@5bf0fe62, org.springframework.boot.test.autoconfigure.web.servlet.WebDriverTestExecutionListener@1e097d59]
2019-03-31 17:42:22.577 - INFO  [           main] o.s.b.StartupInfoLogger        : Starting UserTest on DESKTOP-S10F09M with PID 3288 (started by Administrator in C:\Program Files\JetBrains_WorkSpace\springbootproject)
2019-03-31 17:42:22.592 - INFO  [           main] o.s.b.SpringApplication        : The following profiles are active: test
2019-03-31 17:42:25.829 - INFO  [           main] epositoryConfigurationDelegate : Multiple Spring Data modules found, entering strict repository configuration mode!
2019-03-31 17:42:25.829 - INFO  [           main] epositoryConfigurationDelegate : Bootstrapping Spring Data repositories in DEFAULT mode.
2019-03-31 17:42:25.904 - INFO  [           main] epositoryConfigurationDelegate : Finished Spring Data repository scanning in 62ms. Found 0 repository interfaces.
2019-03-31 17:42:26.733 - INFO  [           main] egate$BeanPostProcessorChecker : Bean 'org.springframework.transaction.annotation.ProxyTransactionManagementConfiguration' of type [org.springframework.transaction.annotation.ProxyTransactionManagementConfiguration$$EnhancerBySpringCGLIB$$6a1a1f06] is not eligible for getting processed by all BeanPostProcessors (for example: not eligible for auto-proxying)
2019-03-31 17:42:26.955 - INFO  [           main] a.DruidDataSourceAutoConfigure : Init DruidDataSource
2019-03-31 17:42:27.409 - INFO  [           main] c.a.d.p.DruidDataSource        : {dataSource-1} inited
2019-03-31 17:42:29.390 - INFO  [           main] c.ExecutorConfigurationSupport : Initializing ExecutorService 'applicationTaskExecutor'
2019-03-31 17:42:31.955 - INFO  [           main] o.s.b.StartupInfoLogger        : Started UserTest in 12.019 seconds (JVM running for 17.769)
2019-03-31 17:42:33.205 - INFO  [       Thread-2] c.ExecutorConfigurationSupport : Shutting down ExecutorService 'applicationTaskExecutor'
2019-03-31 17:42:33.251 - INFO  [       Thread-2] c.a.d.p.DruidDataSource        : {dataSource-1} closed
